<?xml version="1.0" encoding="UTF-8"?>
<!-- Generated by org.testng.reporters.JUnitReportReporter -->
<testsuite hostname="DESKTOP-U84CKO6" name="restassured.Getrequest" tests="1" failures="0" timestamp="14 Feb 2020 11:53:43 GMT" time="6.936" errors="0">
  <testcase name="getResponseTest" time="6.936" classname="restassured.Getrequest"/>
</testsuite> <!-- restassured.Getrequest -->
