<?xml version="1.0" encoding="UTF-8"?>
<!-- Generated by org.testng.reporters.JUnitReportReporter -->
<testsuite hostname="DESKTOP-U84CKO6" name="restassured.FirstuserEmail" tests="1" failures="0" timestamp="14 Feb 2020 11:53:15 GMT" time="7.405" errors="0">
  <testcase name="getResourceTest" time="7.405" classname="restassured.FirstuserEmail"/>
</testsuite> <!-- restassured.FirstuserEmail -->
