<?xml version="1.0" encoding="UTF-8"?>
<!-- Generated by org.testng.reporters.JUnitReportReporter -->
<testsuite hostname="DESKTOP-U84CKO6" name="restassured.git" tests="1" failures="0" timestamp="14 Feb 2020 10:51:23 GMT" time="23.652" errors="0">
  <testcase name="opengit" time="23.652" classname="restassured.git"/>
</testsuite> <!-- restassured.git -->
