<?xml version="1.0" encoding="UTF-8"?>
<!-- Generated by org.testng.reporters.JUnitReportReporter -->
<testsuite hostname="DESKTOP-U84CKO6" name="restassured.Authentication" tests="2" failures="0" timestamp="14 Feb 2020 11:34:31 GMT" time="34.556" errors="0">
  <testcase name="getResource" time="9.176" classname="restassured.Authentication"/>
  <testcase name="opengit" time="25.380" classname="restassured.Authentication"/>
</testsuite> <!-- restassured.Authentication -->
