<?xml version="1.0" encoding="UTF-8"?>
<!-- Generated by org.testng.reporters.JUnitReportReporter -->
<testsuite hostname="DESKTOP-U84CKO6" name="restassured.JsonRequest" tests="1" failures="0" timestamp="14 Feb 2020 11:55:58 GMT" time="6.670" errors="0">
  <testcase name="createResourceTest" time="6.670" classname="restassured.JsonRequest"/>
</testsuite> <!-- restassured.JsonRequest -->
