<?xml version="1.0" encoding="UTF-8"?>
<!-- Generated by org.testng.reporters.JUnitReportReporter -->
<testsuite hostname="DESKTOP-U84CKO6" name="restassured.getresTest" tests="1" failures="0" timestamp="14 Feb 2020 11:54:31 GMT" time="7.809" errors="0">
  <testcase name="getResourceTest" time="7.809" classname="restassured.getresTest"/>
</testsuite> <!-- restassured.getresTest -->
