<?xml version="1.0" encoding="UTF-8"?>
<!-- Generated by org.testng.reporters.JUnitReportReporter -->
<testsuite hostname="DESKTOP-U84CKO6" name="restassured.Createuser" tests="1" failures="0" timestamp="14 Feb 2020 10:19:35 GMT" time="8.541" errors="0">
  <testcase name="createResourceTest" time="8.541" classname="restassured.Createuser"/>
</testsuite> <!-- restassured.Createuser -->
