<?xml version="1.0" encoding="UTF-8"?>
<!-- Generated by org.testng.reporters.JUnitReportReporter -->
<testsuite hostname="DESKTOP-U84CKO6" name="Asserts.Assignment1" tests="1" failures="0" timestamp="19 Dec 2019 14:33:41 GMT" time="6.942" errors="0">
  <testcase name="L1" time="6.942" classname="Asserts.Assignment1"/>
</testsuite> <!-- Asserts.Assignment1 -->
