<?xml version="1.0" encoding="UTF-8"?>
<!-- Generated by org.testng.reporters.JUnitReportReporter -->
<testsuite hostname="DESKTOP-U84CKO6" name="SQL.Sample" tests="1" failures="0" timestamp="21 Jan 2020 09:42:02 GMT" time="0.250" errors="0">
  <testcase name="sampleTest" time="0.250" classname="SQL.Sample"/>
</testsuite> <!-- SQL.Sample -->
