<?xml version="1.0" encoding="UTF-8"?>
<!-- Generated by org.testng.reporters.JUnitReportReporter -->
<testsuite skipped="0" hostname="DESKTOP-U84CKO6" name="tests.Excellcompare" tests="1" failures="0" timestamp="2020-02-02T18:18:58 IST" time="1.037" errors="0">
  <testcase name="compare" time="1.037" classname="tests.Excellcompare"/>
</testsuite> <!-- tests.Excellcompare -->
