<?xml version="1.0" encoding="UTF-8"?>
<!-- Generated by org.testng.reporters.JUnitReportReporter -->
<testsuite skipped="0" hostname="DESKTOP-U84CKO6" name="SeleniumGit" tests="1" failures="0" timestamp="2020-02-24T11:27:58 IST" time="21.198" errors="0">
  <testcase name="openbrowser" time="21.198" classname="SeleniumGit"/>
  <system-out/>
</testsuite> <!-- SeleniumGit -->
